Using pre-set license
Built from '2020.3/staging' branch; Version is '2020.3.0f1 (c7b5465681fb) revision 13088070'; Using compiler version '192528614'; Build Type 'Release'
OS: 'Windows 10 Pro; OS build 19042.1288; Version 2009; 64bit' Language: 'ja' Physical Memory: 16296 MB
BatchMode: 1, IsHumanControllingUs: 0, StartBugReporterOnCrash: 0, Is64bit: 1, IsPro: 0

 COMMAND LINE ARGUMENTS:
C:\Program Files\Unity\Hub\Editor\2020.3.0f1\Editor\Unity.exe
-adb2
-batchMode
-noUpm
-name
AssetImportWorker0
-projectPath
C:/GitHub/CloudGamesStudents1/StudyVector/StudyVector
-logFile
Logs/AssetImportWorker0.log
-srvPort
58782
Successfully changed project path to: C:/GitHub/CloudGamesStudents1/StudyVector/StudyVector
C:/GitHub/CloudGamesStudents1/StudyVector/StudyVector
Using Asset Import Pipeline V2.
Refreshing native plugins compatible for Editor in 20.16 ms, found 0 plugins.
Preloading 0 native plugins for Editor in 0.00 ms.
Initialize engine version: 2020.3.0f1 (c7b5465681fb)
[Subsystems] Discovering subsystems at path C:/Program Files/Unity/Hub/Editor/2020.3.0f1/Editor/Data/Resources/UnitySubsystems
[Subsystems] Discovering subsystems at path C:/GitHub/CloudGamesStudents1/StudyVector/StudyVector/Assets
GfxDevice: creating device client; threaded=0
Direct3D:
    Version:  Direct3D 11.0 [level 11.1]
    Renderer: NVIDIA GeForce GTX 1650 SUPER (ID=0x2187)
    Vendor:   
    VRAM:     3955 MB
    Driver:   27.21.14.5751
Initialize mono
Mono path[0] = 'C:/Program Files/Unity/Hub/Editor/2020.3.0f1/Editor/Data/Managed'
Mono path[1] = 'C:/Program Files/Unity/Hub/Editor/2020.3.0f1/Editor/Data/MonoBleedingEdge/lib/mono/unityjit'
Mono config path = 'C:/Program Files/Unity/Hub/Editor/2020.3.0f1/Editor/Data/MonoBleedingEdge/etc'
Using monoOptions --debugger-agent=transport=dt_socket,embedding=1,server=y,suspend=n,address=127.0.0.1:56852
Begin MonoManager ReloadAssembly
Registering precompiled unity dll's ...
Register platform support module: C:/Program Files/Unity/Hub/Editor/2020.3.0f1/Editor/Data/PlaybackEngines/WebGLSupport/UnityEditor.WebGL.Extensions.dll
Register platform support module: C:/Program Files/Unity/Hub/Editor/2020.3.0f1/Editor/Data/PlaybackEngines/WindowsStandaloneSupport/UnityEditor.WindowsStandalone.Extensions.dll
Registered in 0.001656 seconds.
Native extension for WindowsStandalone target not found
Native extension for WebGL target not found
Refreshing native plugins compatible for Editor in 20.41 ms, found 0 plugins.
Preloading 0 native plugins for Editor in 0.00 ms.
Invoked RoslynAnalysisRunner static constructor.
RoslynAnalysisRunner will not be running.
RoslynAnalysisRunner has terminated.
Mono: successfully reloaded assembly
- Completed reload, in  1.375 seconds
Platform modules already initialized, skipping
Registering precompiled user dll's ...
Registered in 0.000536 seconds.
Begin MonoManager ReloadAssembly
Native extension for WindowsStandalone target not found
Native extension for WebGL target not found
Refreshing native plugins compatible for Editor in 0.19 ms, found 0 plugins.
Preloading 0 native plugins for Editor in 0.00 ms.
Invoked RoslynAnalysisRunner static constructor.
RoslynAnalysisRunner will not be running.
RoslynAnalysisRunner has terminated.
Mono: successfully reloaded assembly
- Completed reload, in  0.683 seconds
Platform modules already initialized, skipping
========================================================================
Worker process is ready to serve import requests
Launched and connected shader compiler UnityShaderCompiler.exe after 0.03 seconds
Refreshing native plugins compatible for Editor in 0.20 ms, found 0 plugins.
Preloading 0 native plugins for Editor in 0.00 ms.
Unloading 1123 Unused Serialized files (Serialized files now loaded: 0)
System memory in use before: 59.8 MB.
System memory in use after: 59.9 MB.

Unloading 9 unused Assets to reduce memory usage. Loaded Objects now: 1567.
Total: 1.592800 ms (FindLiveObjects: 0.128100 ms CreateObjectMapping: 0.037100 ms MarkObjects: 1.374100 ms  DeleteObjects: 0.052500 ms)

========================================================================
Received Import Request.
  path: Assets/2DVector/stage1/2D_stage1.unity
  artifactKey: Guid(58325ef7765f2ba4a9c29cbb8c0fb5f7) Importer(815301076,1909f56bfc062723c751e8b465ee728b)
Start importing Assets/2DVector/stage1/2D_stage1.unity using Guid(58325ef7765f2ba4a9c29cbb8c0fb5f7) Importer(815301076,1909f56bfc062723c751e8b465ee728b)  -> (artifact id: '9f3e2b565f78106dfacc6aba7929b74b') in 0.014634 seconds
  Import took 0.016333 seconds .

========================================================================
Received Prepare
Registering precompiled user dll's ...
Registered in 0.000457 seconds.
Begin MonoManager ReloadAssembly
Native extension for WindowsStandalone target not found
Native extension for WebGL target not found
Refreshing native plugins compatible for Editor in 0.20 ms, found 0 plugins.
Preloading 0 native plugins for Editor in 0.00 ms.
Invoked RoslynAnalysisRunner static constructor.
RoslynAnalysisRunner will not be running.
RoslynAnalysisRunner has terminated.
Mono: successfully reloaded assembly
- Completed reload, in  0.715 seconds
Platform modules already initialized, skipping
Refreshing native plugins compatible for Editor in 0.19 ms, found 0 plugins.
Preloading 0 native plugins for Editor in 0.00 ms.
Unloading 1118 Unused Serialized files (Serialized files now loaded: 0)
System memory in use before: 59.8 MB.
System memory in use after: 59.9 MB.

Unloading 4 unused Assets to reduce memory usage. Loaded Objects now: 1570.
Total: 2.435200 ms (FindLiveObjects: 0.224000 ms CreateObjectMapping: 0.122100 ms MarkObjects: 2.067800 ms  DeleteObjects: 0.019300 ms)

========================================================================
Received Prepare
Registering precompiled user dll's ...
Registered in 0.000484 seconds.
Begin MonoManager ReloadAssembly
Native extension for WindowsStandalone target not found
Native extension for WebGL target not found
Refreshing native plugins compatible for Editor in 0.19 ms, found 0 plugins.
Preloading 0 native plugins for Editor in 0.00 ms.
Invoked RoslynAnalysisRunner static constructor.
RoslynAnalysisRunner will not be running.
RoslynAnalysisRunner has terminated.
Mono: successfully reloaded assembly
- Completed reload, in  0.649 seconds
Platform modules already initialized, skipping
Refreshing native plugins compatible for Editor in 0.16 ms, found 0 plugins.
Preloading 0 native plugins for Editor in 0.00 ms.
Unloading 1118 Unused Serialized files (Serialized files now loaded: 0)
System memory in use before: 59.8 MB.
System memory in use after: 59.9 MB.

Unloading 4 unused Assets to reduce memory usage. Loaded Objects now: 1573.
Total: 4.872200 ms (FindLiveObjects: 0.362100 ms CreateObjectMapping: 0.129500 ms MarkObjects: 4.364700 ms  DeleteObjects: 0.013000 ms)

========================================================================
Received Prepare
Registering precompiled user dll's ...
Registered in 0.000576 seconds.
Begin MonoManager ReloadAssembly
Native extension for WindowsStandalone target not found
Native extension for WebGL target not found
Refreshing native plugins compatible for Editor in 0.19 ms, found 0 plugins.
Preloading 0 native plugins for Editor in 0.00 ms.
Invoked RoslynAnalysisRunner static constructor.
RoslynAnalysisRunner will not be running.
RoslynAnalysisRunner has terminated.
Mono: successfully reloaded assembly
- Completed reload, in  0.644 seconds
Platform modules already initialized, skipping
Refreshing native plugins compatible for Editor in 0.18 ms, found 0 plugins.
Preloading 0 native plugins for Editor in 0.00 ms.
Unloading 1118 Unused Serialized files (Serialized files now loaded: 0)
System memory in use before: 59.8 MB.
System memory in use after: 59.9 MB.

Unloading 4 unused Assets to reduce memory usage. Loaded Objects now: 1576.
Total: 1.325000 ms (FindLiveObjects: 0.114600 ms CreateObjectMapping: 0.031600 ms MarkObjects: 1.165900 ms  DeleteObjects: 0.011700 ms)

========================================================================
Received Prepare
Registering precompiled user dll's ...
Registered in 0.000465 seconds.
Begin MonoManager ReloadAssembly
Native extension for WindowsStandalone target not found
Native extension for WebGL target not found
Refreshing native plugins compatible for Editor in 0.19 ms, found 0 plugins.
Preloading 0 native plugins for Editor in 0.00 ms.
Invoked RoslynAnalysisRunner static constructor.
RoslynAnalysisRunner will not be running.
RoslynAnalysisRunner has terminated.
Mono: successfully reloaded assembly
- Completed reload, in  0.647 seconds
Platform modules already initialized, skipping
Refreshing native plugins compatible for Editor in 0.18 ms, found 0 plugins.
Preloading 0 native plugins for Editor in 0.00 ms.
Unloading 1118 Unused Serialized files (Serialized files now loaded: 0)
System memory in use before: 59.8 MB.
System memory in use after: 59.9 MB.

Unloading 4 unused Assets to reduce memory usage. Loaded Objects now: 1579.
Total: 1.357400 ms (FindLiveObjects: 0.123100 ms CreateObjectMapping: 0.037500 ms MarkObjects: 1.184200 ms  DeleteObjects: 0.011300 ms)

========================================================================
Received Prepare
Registering precompiled user dll's ...
Registered in 0.000461 seconds.
Begin MonoManager ReloadAssembly
Native extension for WindowsStandalone target not found
Native extension for WebGL target not found
Refreshing native plugins compatible for Editor in 0.19 ms, found 0 plugins.
Preloading 0 native plugins for Editor in 0.00 ms.
Invoked RoslynAnalysisRunner static constructor.
RoslynAnalysisRunner will not be running.
RoslynAnalysisRunner has terminated.
Mono: successfully reloaded assembly
- Completed reload, in  0.636 seconds
Platform modules already initialized, skipping
Refreshing native plugins compatible for Editor in 0.17 ms, found 0 plugins.
Preloading 0 native plugins for Editor in 0.00 ms.
Unloading 1118 Unused Serialized files (Serialized files now loaded: 0)
System memory in use before: 59.8 MB.
System memory in use after: 59.9 MB.

Unloading 4 unused Assets to reduce memory usage. Loaded Objects now: 1582.
Total: 1.358800 ms (FindLiveObjects: 0.126900 ms CreateObjectMapping: 0.038500 ms MarkObjects: 1.180000 ms  DeleteObjects: 0.012200 ms)

========================================================================
Received Import Request.
  Time since last request: 371.411743 seconds.
  path: Assets/2DVector/stage2/2D_stage2.unity
  artifactKey: Guid(7fa392356a39b8b4aa02b51a3d8e98c9) Importer(815301076,1909f56bfc062723c751e8b465ee728b)
Start importing Assets/2DVector/stage2/2D_stage2.unity using Guid(7fa392356a39b8b4aa02b51a3d8e98c9) Importer(815301076,1909f56bfc062723c751e8b465ee728b)  -> (artifact id: 'a2547038342fd2f573d5cc0029f042bc') in 0.012871 seconds
  Import took 0.014552 seconds .

========================================================================
Received Import Request.
  Time since last request: 3.481567 seconds.
  path: Assets/2DVector/stage3/stage3.unity
  artifactKey: Guid(e0477c58e06a00a4aafbf7637e66204c) Importer(815301076,1909f56bfc062723c751e8b465ee728b)
Start importing Assets/2DVector/stage3/stage3.unity using Guid(e0477c58e06a00a4aafbf7637e66204c) Importer(815301076,1909f56bfc062723c751e8b465ee728b)  -> (artifact id: '5764ed9a1839236b4b9d3a3c525c627b') in 0.006970 seconds
  Import took 0.008611 seconds .

========================================================================
Received Prepare
Registering precompiled user dll's ...
Registered in 0.000528 seconds.
Begin MonoManager ReloadAssembly
Native extension for WindowsStandalone target not found
Native extension for WebGL target not found
Refreshing native plugins compatible for Editor in 0.19 ms, found 0 plugins.
Preloading 0 native plugins for Editor in 0.00 ms.
Invoked RoslynAnalysisRunner static constructor.
RoslynAnalysisRunner will not be running.
RoslynAnalysisRunner has terminated.
Mono: successfully reloaded assembly
- Completed reload, in  0.632 seconds
Platform modules already initialized, skipping
Refreshing native plugins compatible for Editor in 0.18 ms, found 0 plugins.
Preloading 0 native plugins for Editor in 0.00 ms.
Unloading 1118 Unused Serialized files (Serialized files now loaded: 0)
System memory in use before: 59.9 MB.
System memory in use after: 59.9 MB.

Unloading 4 unused Assets to reduce memory usage. Loaded Objects now: 1585.
Total: 1.391800 ms (FindLiveObjects: 0.134400 ms CreateObjectMapping: 0.039400 ms MarkObjects: 1.202600 ms  DeleteObjects: 0.014500 ms)

========================================================================
Received Prepare
Registering precompiled user dll's ...
Registered in 0.000458 seconds.
Begin MonoManager ReloadAssembly
Native extension for WindowsStandalone target not found
Native extension for WebGL target not found
Refreshing native plugins compatible for Editor in 0.19 ms, found 0 plugins.
Preloading 0 native plugins for Editor in 0.00 ms.
Invoked RoslynAnalysisRunner static constructor.
RoslynAnalysisRunner will not be running.
RoslynAnalysisRunner has terminated.
Mono: successfully reloaded assembly
- Completed reload, in  0.634 seconds
Platform modules already initialized, skipping
Refreshing native plugins compatible for Editor in 0.18 ms, found 0 plugins.
Preloading 0 native plugins for Editor in 0.00 ms.
Unloading 1118 Unused Serialized files (Serialized files now loaded: 0)
System memory in use before: 59.9 MB.
System memory in use after: 59.9 MB.

Unloading 4 unused Assets to reduce memory usage. Loaded Objects now: 1588.
Total: 1.533500 ms (FindLiveObjects: 0.131300 ms CreateObjectMapping: 0.039300 ms MarkObjects: 1.347700 ms  DeleteObjects: 0.013700 ms)

========================================================================
Received Import Request.
  Time since last request: 438.904689 seconds.
  path: Assets/2DVector/stage5/stage5.unity
  artifactKey: Guid(509b8c40ab93f544ebe41de2ad7e82ea) Importer(815301076,1909f56bfc062723c751e8b465ee728b)
Start importing Assets/2DVector/stage5/stage5.unity using Guid(509b8c40ab93f544ebe41de2ad7e82ea) Importer(815301076,1909f56bfc062723c751e8b465ee728b)  -> (artifact id: '83a5e034932b3f76d937c11f9d208fc8') in 0.012559 seconds
  Import took 0.014289 seconds .

========================================================================
Received Import Request.
  Time since last request: 14.451679 seconds.
  path: Assets/2DVector/stage4/stage4.unity
  artifactKey: Guid(4ecfc87922d189c40aecf8a35ad42eb5) Importer(815301076,1909f56bfc062723c751e8b465ee728b)
Start importing Assets/2DVector/stage4/stage4.unity using Guid(4ecfc87922d189c40aecf8a35ad42eb5) Importer(815301076,1909f56bfc062723c751e8b465ee728b)  -> (artifact id: 'b15778622a414bf3d322190ff80210de') in 0.006766 seconds
  Import took 0.008551 seconds .

========================================================================
Received Import Request.
  Time since last request: 18.181359 seconds.
  path: Assets/2DVector/stage5/stage5.unity
  artifactKey: Guid(509b8c40ab93f544ebe41de2ad7e82ea) Importer(815301076,1909f56bfc062723c751e8b465ee728b)
Start importing Assets/2DVector/stage5/stage5.unity using Guid(509b8c40ab93f544ebe41de2ad7e82ea) Importer(815301076,1909f56bfc062723c751e8b465ee728b)  -> (artifact id: '0595ce990118fe716f85b6629bf2629b') in 0.002115 seconds
  Import took 0.003761 seconds .

========================================================================
Received Import Request.
  Time since last request: 13.306736 seconds.
  path: Assets/2DVector/stage6/stage6.unity
  artifactKey: Guid(2296a7b3f0b8fa644bad600b71ca7841) Importer(815301076,1909f56bfc062723c751e8b465ee728b)
Start importing Assets/2DVector/stage6/stage6.unity using Guid(2296a7b3f0b8fa644bad600b71ca7841) Importer(815301076,1909f56bfc062723c751e8b465ee728b)  -> (artifact id: '663ca40afddbc81c21d49a9c2b358bc0') in 0.003132 seconds
  Import took 0.004754 seconds .

========================================================================
Received Import Request.
  Time since last request: 7.332986 seconds.
  path: Assets/2DVector/stage6/s6_bar.cs
  artifactKey: Guid(423f8c4926989754d810e9a870e812bc) Importer(815301076,1909f56bfc062723c751e8b465ee728b)
Start importing Assets/2DVector/stage6/s6_bar.cs using Guid(423f8c4926989754d810e9a870e812bc) Importer(815301076,1909f56bfc062723c751e8b465ee728b)  -> (artifact id: 'd8a38cede68bd0b8782fefb90b914f5a') in 0.023503 seconds
  Import took 0.025160 seconds .

========================================================================
Received Import Request.
  Time since last request: 0.531155 seconds.
  path: Assets/2DVector/stage6/s6_ball.cs
  artifactKey: Guid(8f4ba587125f416409719355d3ec758d) Importer(815301076,1909f56bfc062723c751e8b465ee728b)
Start importing Assets/2DVector/stage6/s6_ball.cs using Guid(8f4ba587125f416409719355d3ec758d) Importer(815301076,1909f56bfc062723c751e8b465ee728b)  -> (artifact id: '69b18bb7031424ef4e37d57978d1ba51') in 0.006608 seconds
  Import took 0.008318 seconds .

========================================================================
Received Import Request.
  Time since last request: 0.021713 seconds.
  path: Assets/2DVector/stage6/s6_ball.cs
  artifactKey: Guid(8f4ba587125f416409719355d3ec758d) Importer(815301076,1909f56bfc062723c751e8b465ee728b)
Start importing Assets/2DVector/stage6/s6_ball.cs using Guid(8f4ba587125f416409719355d3ec758d) Importer(815301076,1909f56bfc062723c751e8b465ee728b)  -> (artifact id: '69b18bb7031424ef4e37d57978d1ba51') in 0.001979 seconds
  Import took 0.003796 seconds .

========================================================================
Received Prepare
Registering precompiled user dll's ...
Registered in 0.000462 seconds.
Begin MonoManager ReloadAssembly
Native extension for WindowsStandalone target not found
Native extension for WebGL target not found
Refreshing native plugins compatible for Editor in 0.20 ms, found 0 plugins.
Preloading 0 native plugins for Editor in 0.00 ms.
Invoked RoslynAnalysisRunner static constructor.
RoslynAnalysisRunner will not be running.
RoslynAnalysisRunner has terminated.
Mono: successfully reloaded assembly
- Completed reload, in  0.638 seconds
Platform modules already initialized, skipping
Refreshing native plugins compatible for Editor in 0.19 ms, found 0 plugins.
Preloading 0 native plugins for Editor in 0.00 ms.
Unloading 1118 Unused Serialized files (Serialized files now loaded: 0)
System memory in use before: 59.9 MB.
System memory in use after: 60.0 MB.

Unloading 4 unused Assets to reduce memory usage. Loaded Objects now: 1591.
Total: 1.367700 ms (FindLiveObjects: 0.122000 ms CreateObjectMapping: 0.036800 ms MarkObjects: 1.196000 ms  DeleteObjects: 0.011800 ms)

========================================================================
Received Prepare
Registering precompiled user dll's ...
Registered in 0.000469 seconds.
Begin MonoManager ReloadAssembly
Native extension for WindowsStandalone target not found
Native extension for WebGL target not found
Refreshing native plugins compatible for Editor in 0.19 ms, found 0 plugins.
Preloading 0 native plugins for Editor in 0.00 ms.
Invoked RoslynAnalysisRunner static constructor.
RoslynAnalysisRunner will not be running.
RoslynAnalysisRunner has terminated.
Mono: successfully reloaded assembly
- Completed reload, in  0.644 seconds
Platform modules already initialized, skipping
Refreshing native plugins compatible for Editor in 0.19 ms, found 0 plugins.
Preloading 0 native plugins for Editor in 0.00 ms.
Unloading 1118 Unused Serialized files (Serialized files now loaded: 0)
System memory in use before: 59.9 MB.
System memory in use after: 60.0 MB.

Unloading 4 unused Assets to reduce memory usage. Loaded Objects now: 1594.
Total: 1.326600 ms (FindLiveObjects: 0.126100 ms CreateObjectMapping: 0.035400 ms MarkObjects: 1.149600 ms  DeleteObjects: 0.014300 ms)

========================================================================
Received Prepare
Refreshing native plugins compatible for Editor in 0.57 ms, found 0 plugins.
Preloading 0 native plugins for Editor in 0.00 ms.
Unloading 3 Unused Serialized files (Serialized files now loaded: 0)
System memory in use before: 37.8 MB.
System memory in use after: 37.9 MB.

Unloading 2 unused Assets to reduce memory usage. Loaded Objects now: 1594.
Total: 2.154600 ms (FindLiveObjects: 0.239300 ms CreateObjectMapping: 0.037600 ms MarkObjects: 1.855000 ms  DeleteObjects: 0.012600 ms)

========================================================================
Received Prepare
Refreshing native plugins compatible for Editor in 0.58 ms, found 0 plugins.
Preloading 0 native plugins for Editor in 0.00 ms.
Unloading 3 Unused Serialized files (Serialized files now loaded: 0)
System memory in use before: 37.8 MB.
System memory in use after: 37.9 MB.

Unloading 2 unused Assets to reduce memory usage. Loaded Objects now: 1594.
Total: 2.156000 ms (FindLiveObjects: 0.128000 ms CreateObjectMapping: 0.034100 ms MarkObjects: 1.976300 ms  DeleteObjects: 0.016100 ms)

========================================================================
Received Prepare
Refreshing native plugins compatible for Editor in 0.53 ms, found 0 plugins.
Preloading 0 native plugins for Editor in 0.00 ms.
Unloading 3 Unused Serialized files (Serialized files now loaded: 0)
System memory in use before: 37.8 MB.
System memory in use after: 37.9 MB.

Unloading 2 unused Assets to reduce memory usage. Loaded Objects now: 1594.
Total: 2.014200 ms (FindLiveObjects: 0.160200 ms CreateObjectMapping: 0.043000 ms MarkObjects: 1.797400 ms  DeleteObjects: 0.012200 ms)

========================================================================
Received Prepare
Refreshing native plugins compatible for Editor in 0.54 ms, found 0 plugins.
Preloading 0 native plugins for Editor in 0.00 ms.
Unloading 3 Unused Serialized files (Serialized files now loaded: 0)
System memory in use before: 37.8 MB.
System memory in use after: 37.9 MB.

Unloading 2 unused Assets to reduce memory usage. Loaded Objects now: 1594.
Total: 1.619200 ms (FindLiveObjects: 0.128300 ms CreateObjectMapping: 0.043800 ms MarkObjects: 1.434800 ms  DeleteObjects: 0.011300 ms)

========================================================================
Received Prepare
Refreshing native plugins compatible for Editor in 0.56 ms, found 0 plugins.
Preloading 0 native plugins for Editor in 0.00 ms.
Unloading 3 Unused Serialized files (Serialized files now loaded: 0)
System memory in use before: 37.8 MB.
System memory in use after: 37.9 MB.

Unloading 2 unused Assets to reduce memory usage. Loaded Objects now: 1594.
Total: 1.632900 ms (FindLiveObjects: 0.218600 ms CreateObjectMapping: 0.036000 ms MarkObjects: 1.362200 ms  DeleteObjects: 0.013700 ms)

========================================================================
Received Prepare
Refreshing native plugins compatible for Editor in 0.63 ms, found 0 plugins.
Preloading 0 native plugins for Editor in 0.00 ms.
Unloading 3 Unused Serialized files (Serialized files now loaded: 0)
System memory in use before: 37.8 MB.
System memory in use after: 37.9 MB.

Unloading 2 unused Assets to reduce memory usage. Loaded Objects now: 1594.
Total: 1.591800 ms (FindLiveObjects: 0.144400 ms CreateObjectMapping: 0.048800 ms MarkObjects: 1.384400 ms  DeleteObjects: 0.013300 ms)

========================================================================
Received Prepare
Refreshing native plugins compatible for Editor in 0.55 ms, found 0 plugins.
Preloading 0 native plugins for Editor in 0.00 ms.
Unloading 3 Unused Serialized files (Serialized files now loaded: 0)
System memory in use before: 37.8 MB.
System memory in use after: 37.9 MB.

Unloading 2 unused Assets to reduce memory usage. Loaded Objects now: 1594.
Total: 1.672500 ms (FindLiveObjects: 0.411900 ms CreateObjectMapping: 0.069100 ms MarkObjects: 1.177500 ms  DeleteObjects: 0.012500 ms)

AssetImportWorkerClient::OnTransportError - code=2 error=End of file
