Using pre-set license
Built from '2020.3/staging' branch; Version is '2020.3.0f1 (c7b5465681fb) revision 13088070'; Using compiler version '192528614'; Build Type 'Release'
OS: 'Windows 10 Pro; OS build 19042.1288; Version 2009; 64bit' Language: 'ja' Physical Memory: 16296 MB
BatchMode: 1, IsHumanControllingUs: 0, StartBugReporterOnCrash: 0, Is64bit: 1, IsPro: 0

 COMMAND LINE ARGUMENTS:
C:\Program Files\Unity\Hub\Editor\2020.3.0f1\Editor\Unity.exe
-adb2
-batchMode
-noUpm
-name
AssetImportWorker0
-projectPath
C:/GitHub/CloudGamesStudents1/StudyVector/StudyVector
-logFile
Logs/AssetImportWorker0.log
-srvPort
64045
Successfully changed project path to: C:/GitHub/CloudGamesStudents1/StudyVector/StudyVector
C:/GitHub/CloudGamesStudents1/StudyVector/StudyVector
Using Asset Import Pipeline V2.
Refreshing native plugins compatible for Editor in 20.08 ms, found 0 plugins.
Preloading 0 native plugins for Editor in 0.00 ms.
Initialize engine version: 2020.3.0f1 (c7b5465681fb)
[Subsystems] Discovering subsystems at path C:/Program Files/Unity/Hub/Editor/2020.3.0f1/Editor/Data/Resources/UnitySubsystems
[Subsystems] Discovering subsystems at path C:/GitHub/CloudGamesStudents1/StudyVector/StudyVector/Assets
GfxDevice: creating device client; threaded=0
Direct3D:
    Version:  Direct3D 11.0 [level 11.1]
    Renderer: NVIDIA GeForce GTX 1650 SUPER (ID=0x2187)
    Vendor:   
    VRAM:     3955 MB
    Driver:   27.21.14.5751
Initialize mono
Mono path[0] = 'C:/Program Files/Unity/Hub/Editor/2020.3.0f1/Editor/Data/Managed'
Mono path[1] = 'C:/Program Files/Unity/Hub/Editor/2020.3.0f1/Editor/Data/MonoBleedingEdge/lib/mono/unityjit'
Mono config path = 'C:/Program Files/Unity/Hub/Editor/2020.3.0f1/Editor/Data/MonoBleedingEdge/etc'
Using monoOptions --debugger-agent=transport=dt_socket,embedding=1,server=y,suspend=n,address=127.0.0.1:56836
Begin MonoManager ReloadAssembly
Registering precompiled unity dll's ...
Register platform support module: C:/Program Files/Unity/Hub/Editor/2020.3.0f1/Editor/Data/PlaybackEngines/WebGLSupport/UnityEditor.WebGL.Extensions.dll
Register platform support module: C:/Program Files/Unity/Hub/Editor/2020.3.0f1/Editor/Data/PlaybackEngines/WindowsStandaloneSupport/UnityEditor.WindowsStandalone.Extensions.dll
Registered in 0.001607 seconds.
Native extension for WindowsStandalone target not found
Native extension for WebGL target not found
Refreshing native plugins compatible for Editor in 19.76 ms, found 0 plugins.
Preloading 0 native plugins for Editor in 0.00 ms.
Invoked RoslynAnalysisRunner static constructor.
RoslynAnalysisRunner will not be running.
RoslynAnalysisRunner has terminated.
Mono: successfully reloaded assembly
- Completed reload, in  1.344 seconds
Platform modules already initialized, skipping
Registering precompiled user dll's ...
Registered in 0.000489 seconds.
Begin MonoManager ReloadAssembly
Native extension for WindowsStandalone target not found
Native extension for WebGL target not found
Refreshing native plugins compatible for Editor in 0.20 ms, found 0 plugins.
Preloading 0 native plugins for Editor in 0.00 ms.
Invoked RoslynAnalysisRunner static constructor.
RoslynAnalysisRunner will not be running.
RoslynAnalysisRunner has terminated.
Mono: successfully reloaded assembly
- Completed reload, in  0.683 seconds
Platform modules already initialized, skipping
========================================================================
Worker process is ready to serve import requests
Launched and connected shader compiler UnityShaderCompiler.exe after 0.03 seconds
Refreshing native plugins compatible for Editor in 0.18 ms, found 0 plugins.
Preloading 0 native plugins for Editor in 0.00 ms.
Unloading 1118 Unused Serialized files (Serialized files now loaded: 0)
System memory in use before: 59.7 MB.
System memory in use after: 59.7 MB.

Unloading 9 unused Assets to reduce memory usage. Loaded Objects now: 1561.
Total: 1.810200 ms (FindLiveObjects: 0.159400 ms CreateObjectMapping: 0.035500 ms MarkObjects: 1.528400 ms  DeleteObjects: 0.086300 ms)

========================================================================
Received Import Request.
  path: Assets/2DVector/stage2/2D_stage2.unity
  artifactKey: Guid(7fa392356a39b8b4aa02b51a3d8e98c9) Importer(815301076,1909f56bfc062723c751e8b465ee728b)
Start importing Assets/2DVector/stage2/2D_stage2.unity using Guid(7fa392356a39b8b4aa02b51a3d8e98c9) Importer(815301076,1909f56bfc062723c751e8b465ee728b)  -> (artifact id: 'be21f0d03437f8ff048bcf00ce899c30') in 0.011317 seconds
  Import took 0.013368 seconds .

========================================================================
Received Import Request.
  Time since last request: 1.277013 seconds.
  path: Assets/2DVector/stage2/2D_stage2.unity
  artifactKey: Guid(7fa392356a39b8b4aa02b51a3d8e98c9) Importer(815301076,1909f56bfc062723c751e8b465ee728b)
Start importing Assets/2DVector/stage2/2D_stage2.unity using Guid(7fa392356a39b8b4aa02b51a3d8e98c9) Importer(815301076,1909f56bfc062723c751e8b465ee728b)  -> (artifact id: 'be21f0d03437f8ff048bcf00ce899c30') in 0.003532 seconds
  Import took 0.005171 seconds .

========================================================================
Received Import Request.
  Time since last request: 8.701068 seconds.
  path: Assets/2DVector/stage3/stage3.unity
  artifactKey: Guid(e0477c58e06a00a4aafbf7637e66204c) Importer(815301076,1909f56bfc062723c751e8b465ee728b)
Start importing Assets/2DVector/stage3/stage3.unity using Guid(e0477c58e06a00a4aafbf7637e66204c) Importer(815301076,1909f56bfc062723c751e8b465ee728b)  -> (artifact id: 'c8389c1e34db0a63e9fb5c3af9abb531') in 0.007078 seconds
  Import took 0.008993 seconds .

========================================================================
Received Prepare
Registering precompiled user dll's ...
Registered in 0.000506 seconds.
Begin MonoManager ReloadAssembly
Native extension for WindowsStandalone target not found
Native extension for WebGL target not found
Refreshing native plugins compatible for Editor in 0.19 ms, found 0 plugins.
Preloading 0 native plugins for Editor in 0.00 ms.
Invoked RoslynAnalysisRunner static constructor.
RoslynAnalysisRunner will not be running.
RoslynAnalysisRunner has terminated.
Mono: successfully reloaded assembly
- Completed reload, in  0.639 seconds
Platform modules already initialized, skipping
Switching build target platform(5) subTarget(0) extendedPlatform(0) -> platform(13) subTarget(537395200) extendedPlatform(0)
Refreshing native plugins compatible for Editor in 0.15 ms, found 0 plugins.
Preloading 0 native plugins for Editor in 0.00 ms.
Unloading 1116 Unused Serialized files (Serialized files now loaded: 0)
System memory in use before: 59.7 MB.
System memory in use after: 59.7 MB.

Unloading 4 unused Assets to reduce memory usage. Loaded Objects now: 1564.
Total: 1.541400 ms (FindLiveObjects: 0.142000 ms CreateObjectMapping: 0.031300 ms MarkObjects: 1.355500 ms  DeleteObjects: 0.011800 ms)

AssetImportParameters requested are different than current active one (requested -> active):
  custom:graphics/normal-map-encoding: 01000000000000000000000000000000 -> 02000000000000000000000000000000
AssetImportWorkerClient::OnTransportError - code=2 error=End of file
